Started GET "/" for ::1 at 2024-02-15 10:55:39 +0100
  [1m[35m (0.2ms)[0m  [1m[35mCREATE TABLE "schema_migrations" ("version" varchar NOT NULL PRIMARY KEY)[0m
  [1m[35m (0.1ms)[0m  [1m[35mCREATE TABLE "ar_internal_metadata" ("key" varchar NOT NULL PRIMARY KEY, "value" varchar, "created_at" datetime(6) NOT NULL, "updated_at" datetime(6) NOT NULL)[0m
  [1m[36mActiveRecord::SchemaMigration Load (0.1ms)[0m  [1m[34mSELECT "schema_migrations"."version" FROM "schema_migrations" ORDER BY "schema_migrations"."version" ASC[0m
Processing by Rails::WelcomeController#index as HTML
  Rendering /Users/Tobi/.gem/ruby/3.1.3/gems/railties-7.1.3/lib/rails/templates/rails/welcome/index.html.erb
  Rendered /Users/Tobi/.gem/ruby/3.1.3/gems/railties-7.1.3/lib/rails/templates/rails/welcome/index.html.erb (Duration: 0.3ms | Allocations: 383)
Completed 200 OK in 12ms (Views: 3.4ms | ActiveRecord: 0.0ms | Allocations: 7485)


  [1m[36mActiveRecord::InternalMetadata Load (0.3ms)[0m  [1m[34mSELECT * FROM "ar_internal_metadata" WHERE "ar_internal_metadata"."key" = ? ORDER BY "ar_internal_metadata"."key" ASC LIMIT 1[0m  [[nil, "environment"]]
  [1m[36mActiveRecord::InternalMetadata Create (0.6ms)[0m  [1m[32mINSERT INTO "ar_internal_metadata" ("key", "value", "created_at", "updated_at") VALUES ('environment', 'development', '2024-02-15 10:48:00.275257', '2024-02-15 10:48:00.275259') RETURNING "key"[0m
  [1m[36mActiveRecord::SchemaMigration Load (0.0ms)[0m  [1m[34mSELECT "schema_migrations"."version" FROM "schema_migrations" ORDER BY "schema_migrations"."version" ASC[0m
Migrating to CreateIdeas (20240215104627)
  [1m[36mTRANSACTION (0.0ms)[0m  [1m[36mbegin transaction[0m
  [1m[35m (0.6ms)[0m  [1m[35mCREATE TABLE "ideas" ("id" integer PRIMARY KEY AUTOINCREMENT NOT NULL, "name" varchar, "description" text, "picture" varchar, "created_at" datetime(6) NOT NULL, "updated_at" datetime(6) NOT NULL)[0m
  [1m[36mActiveRecord::SchemaMigration Create (0.0ms)[0m  [1m[32mINSERT INTO "schema_migrations" ("version") VALUES ('20240215104627') RETURNING "version"[0m
  [1m[36mTRANSACTION (0.1ms)[0m  [1m[36mcommit transaction[0m
  [1m[36mActiveRecord::SchemaMigration Load (0.0ms)[0m  [1m[34mSELECT "schema_migrations"."version" FROM "schema_migrations" ORDER BY "schema_migrations"."version" ASC[0m
Started GET "/ideas" for ::1 at 2024-02-15 11:48:15 +0100
  [1m[36mActiveRecord::SchemaMigration Load (0.1ms)[0m  [1m[34mSELECT "schema_migrations"."version" FROM "schema_migrations" ORDER BY "schema_migrations"."version" ASC[0m
Processing by IdeasController#index as HTML
  Rendering layout layouts/application.html.erb
  Rendering ideas/index.html.erb within layouts/application
  [1m[36mIdea Load (0.0ms)[0m  [1m[34mSELECT "ideas".* FROM "ideas"[0m
  ↳ app/views/ideas/index.html.erb:6
  Rendered ideas/index.html.erb within layouts/application (Duration: 2.5ms | Allocations: 1921)
  Rendered layout layouts/application.html.erb (Duration: 548.6ms | Allocations: 98288)
Completed 200 OK in 567ms (Views: 549.8ms | ActiveRecord: 0.9ms | Allocations: 111027)


Started GET "/ideas/new" for ::1 at 2024-02-15 11:48:18 +0100
Processing by IdeasController#new as HTML
  Rendering layout layouts/application.html.erb
  Rendering ideas/new.html.erb within layouts/application
  Rendered ideas/_form.html.erb (Duration: 21.3ms | Allocations: 5050)
  Rendered ideas/new.html.erb within layouts/application (Duration: 22.3ms | Allocations: 5405)
  Rendered layout layouts/application.html.erb (Duration: 24.2ms | Allocations: 6702)
Completed 200 OK in 47ms (Views: 24.9ms | ActiveRecord: 0.5ms | Allocations: 17572)


Started POST "/ideas" for ::1 at 2024-02-15 11:48:37 +0100
Processing by IdeasController#create as TURBO_STREAM
  Parameters: {"authenticity_token"=>"[FILTERED]", "idea"=>{"name"=>"Woderwaffel", "description"=>"A nice yummi Waffel", "picture"=>"no idea"}, "commit"=>"Create Idea"}
  [1m[36mTRANSACTION (0.0ms)[0m  [1m[36mbegin transaction[0m
  ↳ app/controllers/ideas_controller.rb:27:in `block in create'
  [1m[36mIdea Create (0.6ms)[0m  [1m[32mINSERT INTO "ideas" ("name", "description", "picture", "created_at", "updated_at") VALUES (?, ?, ?, ?, ?) RETURNING "id"[0m  [["name", "Woderwaffel"], ["description", "A nice yummi Waffel"], ["picture", "no idea"], ["created_at", "2024-02-15 10:48:37.374061"], ["updated_at", "2024-02-15 10:48:37.374061"]]
  ↳ app/controllers/ideas_controller.rb:27:in `block in create'
  [1m[36mTRANSACTION (0.5ms)[0m  [1m[36mcommit transaction[0m
  ↳ app/controllers/ideas_controller.rb:27:in `block in create'
Redirected to http://localhost:3000/ideas/1
Completed 302 Found in 5ms (ActiveRecord: 1.2ms | Allocations: 4061)


Started GET "/ideas/1" for ::1 at 2024-02-15 11:48:37 +0100
Processing by IdeasController#show as TURBO_STREAM
  Parameters: {"id"=>"1"}
  [1m[36mIdea Load (0.1ms)[0m  [1m[34mSELECT "ideas".* FROM "ideas" WHERE "ideas"."id" = ? LIMIT ?[0m  [["id", 1], ["LIMIT", 1]]
  ↳ app/controllers/ideas_controller.rb:63:in `set_idea'
  Rendering layout layouts/application.html.erb
  Rendering ideas/show.html.erb within layouts/application
  Rendered ideas/_idea.html.erb (Duration: 0.2ms | Allocations: 242)
  Rendered ideas/show.html.erb within layouts/application (Duration: 2.1ms | Allocations: 1542)
  Rendered layout layouts/application.html.erb (Duration: 3.2ms | Allocations: 2816)
Completed 200 OK in 7ms (Views: 3.4ms | ActiveRecord: 0.1ms | Allocations: 6073)


Started GET "/ideas" for ::1 at 2024-02-15 11:48:39 +0100
Processing by IdeasController#index as HTML
  Rendering layout layouts/application.html.erb
  Rendering ideas/index.html.erb within layouts/application
  [1m[36mIdea Load (0.1ms)[0m  [1m[34mSELECT "ideas".* FROM "ideas"[0m
  ↳ app/views/ideas/index.html.erb:6
  Rendered ideas/_idea.html.erb (Duration: 0.1ms | Allocations: 20)
  Rendered ideas/index.html.erb within layouts/application (Duration: 2.8ms | Allocations: 1093)
  Rendered layout layouts/application.html.erb (Duration: 4.8ms | Allocations: 2261)
Completed 200 OK in 6ms (Views: 5.3ms | ActiveRecord: 0.1ms | Allocations: 2577)


Started GET "/ideas/1" for ::1 at 2024-02-15 11:48:40 +0100
Processing by IdeasController#show as HTML
  Parameters: {"id"=>"1"}
  [1m[36mIdea Load (0.1ms)[0m  [1m[34mSELECT "ideas".* FROM "ideas" WHERE "ideas"."id" = ? LIMIT ?[0m  [["id", 1], ["LIMIT", 1]]
  ↳ app/controllers/ideas_controller.rb:63:in `set_idea'
  Rendering layout layouts/application.html.erb
  Rendering ideas/show.html.erb within layouts/application
  Rendered ideas/_idea.html.erb (Duration: 0.1ms | Allocations: 20)
  Rendered ideas/show.html.erb within layouts/application (Duration: 1.4ms | Allocations: 476)
  Rendered layout layouts/application.html.erb (Duration: 3.7ms | Allocations: 1636)
Completed 200 OK in 6ms (Views: 4.2ms | ActiveRecord: 0.1ms | Allocations: 2447)


Started GET "/ideas/1" for ::1 at 2024-02-15 11:48:41 +0100
Processing by IdeasController#show as HTML
  Parameters: {"id"=>"1"}
  [1m[36mIdea Load (0.1ms)[0m  [1m[34mSELECT "ideas".* FROM "ideas" WHERE "ideas"."id" = ? LIMIT ?[0m  [["id", 1], ["LIMIT", 1]]
  ↳ app/controllers/ideas_controller.rb:63:in `set_idea'
  Rendering layout layouts/application.html.erb
  Rendering ideas/show.html.erb within layouts/application
  Rendered ideas/_idea.html.erb (Duration: 0.1ms | Allocations: 20)
  Rendered ideas/show.html.erb within layouts/application (Duration: 1.3ms | Allocations: 476)
  Rendered layout layouts/application.html.erb (Duration: 3.9ms | Allocations: 1636)
Completed 200 OK in 7ms (Views: 4.5ms | ActiveRecord: 0.1ms | Allocations: 2436)


Started GET "/ideas/1" for ::1 at 2024-02-15 11:48:42 +0100
Processing by IdeasController#show as HTML
  Parameters: {"id"=>"1"}
  [1m[36mIdea Load (0.1ms)[0m  [1m[34mSELECT "ideas".* FROM "ideas" WHERE "ideas"."id" = ? LIMIT ?[0m  [["id", 1], ["LIMIT", 1]]
  ↳ app/controllers/ideas_controller.rb:63:in `set_idea'
  Rendering layout layouts/application.html.erb
  Rendering ideas/show.html.erb within layouts/application
  Rendered ideas/_idea.html.erb (Duration: 0.1ms | Allocations: 20)
  Rendered ideas/show.html.erb within layouts/application (Duration: 1.4ms | Allocations: 479)
  Rendered layout layouts/application.html.erb (Duration: 4.0ms | Allocations: 1639)
Completed 200 OK in 7ms (Views: 4.6ms | ActiveRecord: 0.1ms | Allocations: 2424)


Started GET "/ideas/1" for ::1 at 2024-02-15 11:48:43 +0100
Processing by IdeasController#show as HTML
  Parameters: {"id"=>"1"}
  [1m[36mIdea Load (0.1ms)[0m  [1m[34mSELECT "ideas".* FROM "ideas" WHERE "ideas"."id" = ? LIMIT ?[0m  [["id", 1], ["LIMIT", 1]]
  ↳ app/controllers/ideas_controller.rb:63:in `set_idea'
  Rendering layout layouts/application.html.erb
  Rendering ideas/show.html.erb within layouts/application
  Rendered ideas/_idea.html.erb (Duration: 0.1ms | Allocations: 20)
  Rendered ideas/show.html.erb within layouts/application (Duration: 1.5ms | Allocations: 491)
  Rendered layout layouts/application.html.erb (Duration: 3.5ms | Allocations: 1651)
Completed 200 OK in 6ms (Views: 4.1ms | ActiveRecord: 0.1ms | Allocations: 2433)


Started GET "/" for ::1 at 2024-02-15 11:50:00 +0100
  [1m[36mActiveRecord::SchemaMigration Load (0.1ms)[0m  [1m[34mSELECT "schema_migrations"."version" FROM "schema_migrations" ORDER BY "schema_migrations"."version" ASC[0m
Redirected to http://localhost:3000/ideas
Completed 301 Moved Permanently in 1ms


Started GET "/ideas" for ::1 at 2024-02-15 11:50:00 +0100
Processing by IdeasController#index as HTML
  Rendering layout layouts/application.html.erb
  Rendering ideas/index.html.erb within layouts/application
  [1m[36mIdea Load (0.0ms)[0m  [1m[34mSELECT "ideas".* FROM "ideas"[0m
  ↳ app/views/ideas/index.html.erb:6
  Rendered ideas/_idea.html.erb (Duration: 0.2ms | Allocations: 276)
  Rendered ideas/index.html.erb within layouts/application (Duration: 9.9ms | Allocations: 14064)
  Rendered layout layouts/application.html.erb (Duration: 26.5ms | Allocations: 48516)
Completed 200 OK in 37ms (Views: 27.2ms | ActiveRecord: 1.1ms | Allocations: 58578)


Started GET "/ideas" for ::1 at 2024-02-15 13:11:02 +0100
  [1m[36mActiveRecord::SchemaMigration Load (0.4ms)[0m  [1m[34mSELECT "schema_migrations"."version" FROM "schema_migrations" ORDER BY "schema_migrations"."version" ASC[0m
Processing by IdeasController#index as HTML
  Rendering layout layouts/application.html.erb
  Rendering ideas/index.html.erb within layouts/application
  [1m[36mIdea Load (0.2ms)[0m  [1m[34mSELECT "ideas".* FROM "ideas"[0m
  ↳ app/views/ideas/index.html.erb:6
  Rendered ideas/_idea.html.erb (Duration: 0.2ms | Allocations: 276)
  Rendered ideas/index.html.erb within layouts/application (Duration: 10.2ms | Allocations: 14122)
  Rendered layout layouts/application.html.erb (Duration: 30.1ms | Allocations: 49228)
Completed 200 OK in 42ms (Views: 30.8ms | ActiveRecord: 1.2ms | Allocations: 59308)


Started GET "/ideas" for ::1 at 2024-02-15 13:12:02 +0100
Processing by IdeasController#index as HTML
  Rendering layout layouts/application.html.erb
  Rendering ideas/index.html.erb within layouts/application
  [1m[36mIdea Load (0.0ms)[0m  [1m[34mSELECT "ideas".* FROM "ideas"[0m
  ↳ app/views/ideas/index.html.erb:6
  Rendered ideas/_idea.html.erb (Duration: 0.2ms | Allocations: 204)
  Rendered ideas/index.html.erb within layouts/application (Duration: 3.7ms | Allocations: 4978)
  Rendered layout layouts/application.html.erb (Duration: 12.7ms | Allocations: 21452)
Completed 200 OK in 15ms (Views: 12.3ms | ActiveRecord: 1.2ms | Allocations: 23340)


Started GET "/pages/about" for ::1 at 2024-02-15 13:12:03 +0100
Processing by PagesController#about as HTML
  Rendering layout layouts/application.html.erb
  Rendering pages/about.html.erb within layouts/application
  Rendered pages/about.html.erb within layouts/application (Duration: 0.5ms | Allocations: 108)
  Rendered layout layouts/application.html.erb (Duration: 4.4ms | Allocations: 1855)
Completed 200 OK in 7ms (Views: 5.7ms | ActiveRecord: 0.0ms | Allocations: 2463)


Started GET "/ideas" for ::1 at 2024-02-15 13:12:04 +0100
Processing by IdeasController#index as HTML
  Rendering layout layouts/application.html.erb
  Rendering ideas/index.html.erb within layouts/application
  [1m[36mIdea Load (0.2ms)[0m  [1m[34mSELECT "ideas".* FROM "ideas"[0m
  ↳ app/views/ideas/index.html.erb:6
  Rendered ideas/_idea.html.erb (Duration: 0.1ms | Allocations: 26)
  Rendered ideas/index.html.erb within layouts/application (Duration: 3.0ms | Allocations: 1045)
  Rendered layout layouts/application.html.erb (Duration: 6.5ms | Allocations: 2347)
Completed 200 OK in 8ms (Views: 7.3ms | ActiveRecord: 0.1ms | Allocations: 2631)


Started GET "/" for ::1 at 2024-02-15 13:16:56 +0100
Processing by PagesController#homepage as HTML
  Rendering layout layouts/application.html.erb
  Rendering pages/homepage.html.erb within layouts/application
  Rendered pages/homepage.html.erb within layouts/application (Duration: 0.1ms | Allocations: 122)
  Rendered layout layouts/application.html.erb (Duration: 8.8ms | Allocations: 17024)
Completed 200 OK in 10ms (Views: 9.6ms | ActiveRecord: 0.0ms | Allocations: 17878)


Started GET "/" for ::1 at 2024-02-15 13:18:10 +0100
Processing by PagesController#homepage as HTML
  Rendering layout layouts/application.html.erb
  Rendering pages/homepage.html.erb within layouts/application
  Rendered pages/homepage.html.erb within layouts/application (Duration: 0.1ms | Allocations: 117)
  Rendered layout layouts/application.html.erb (Duration: 6.3ms | Allocations: 17077)
Completed 200 OK in 7ms (Views: 7.0ms | ActiveRecord: 0.0ms | Allocations: 17927)


Started GET "/" for ::1 at 2024-02-15 13:18:11 +0100
Processing by PagesController#homepage as HTML
  Rendering layout layouts/application.html.erb
  Rendering pages/homepage.html.erb within layouts/application
  Rendered pages/homepage.html.erb within layouts/application (Duration: 0.0ms | Allocations: 7)
  Rendered layout layouts/application.html.erb (Duration: 3.3ms | Allocations: 1555)
Completed 200 OK in 5ms (Views: 4.0ms | ActiveRecord: 0.0ms | Allocations: 1827)


Started GET "/ideas" for ::1 at 2024-02-15 13:18:11 +0100
Processing by IdeasController#index as HTML
  Rendering layout layouts/application.html.erb
  Rendering ideas/index.html.erb within layouts/application
  [1m[36mIdea Load (0.4ms)[0m  [1m[34mSELECT "ideas".* FROM "ideas"[0m
  ↳ app/views/ideas/index.html.erb:6
  Rendered ideas/_idea.html.erb (Duration: 0.6ms | Allocations: 204)
  Rendered ideas/index.html.erb within layouts/application (Duration: 12.1ms | Allocations: 5008)
  Rendered layout layouts/application.html.erb (Duration: 14.4ms | Allocations: 6530)
Completed 200 OK in 19ms (Views: 11.6ms | ActiveRecord: 4.1ms | Allocations: 7907)


Started GET "/pages/about" for ::1 at 2024-02-15 13:18:13 +0100
Processing by PagesController#about as HTML
  Rendering layout layouts/application.html.erb
Started GET "/ideas" for ::1 at 2024-02-15 13:18:13 +0100
  Rendering pages/about.html.erb within layouts/application
  Rendered pages/about.html.erb within layouts/application (Duration: 0.2ms | Allocations: 116)
  Rendered layout layouts/application.html.erb (Duration: 7.8ms | Allocations: 17304)
Completed 200 OK in 9ms (Views: 8.9ms | ActiveRecord: 0.0ms | Allocations: 18824)


Processing by IdeasController#index as HTML
  Rendering layout layouts/application.html.erb
  Rendering ideas/index.html.erb within layouts/application
  [1m[36mIdea Load (0.0ms)[0m  [1m[34mSELECT "ideas".* FROM "ideas"[0m
  ↳ app/views/ideas/index.html.erb:6
  Rendered ideas/_idea.html.erb (Duration: 0.2ms | Allocations: 204)
  Rendered ideas/index.html.erb within layouts/application (Duration: 3.2ms | Allocations: 5009)
  Rendered layout layouts/application.html.erb (Duration: 8.2ms | Allocations: 21694)
Completed 200 OK in 10ms (Views: 7.8ms | ActiveRecord: 1.1ms | Allocations: 23589)


Started GET "/pages/about" for ::1 at 2024-02-15 13:18:13 +0100
Processing by PagesController#about as HTML
  Rendering layout layouts/application.html.erb
  Rendering pages/about.html.erb within layouts/application
  Rendered pages/about.html.erb within layouts/application (Duration: 0.4ms | Allocations: 107)
  Rendered layout layouts/application.html.erb (Duration: 4.2ms | Allocations: 1909)
Completed 200 OK in 6ms (Views: 5.4ms | ActiveRecord: 0.0ms | Allocations: 2454)


Started GET "/ideas" for ::1 at 2024-02-15 13:18:13 +0100
Processing by IdeasController#index as HTML
  Rendering layout layouts/application.html.erb
  Rendering ideas/index.html.erb within layouts/application
  [1m[36mIdea Load (0.1ms)[0m  [1m[34mSELECT "ideas".* FROM "ideas"[0m
  ↳ app/views/ideas/index.html.erb:6
  Rendered ideas/_idea.html.erb (Duration: 0.1ms | Allocations: 26)
  Rendered ideas/index.html.erb within layouts/application (Duration: 2.8ms | Allocations: 1060)
  Rendered layout layouts/application.html.erb (Duration: 5.3ms | Allocations: 2425)
Completed 200 OK in 7ms (Views: 5.9ms | ActiveRecord: 0.1ms | Allocations: 2704)


Started GET "/" for ::1 at 2024-02-15 13:18:14 +0100
Processing by PagesController#homepage as HTML
  Rendering layout layouts/application.html.erb
  Rendering pages/homepage.html.erb within layouts/application
  Rendered pages/homepage.html.erb within layouts/application (Duration: 0.6ms | Allocations: 89)
  Rendered layout layouts/application.html.erb (Duration: 4.5ms | Allocations: 1648)
Completed 200 OK in 6ms (Views: 5.3ms | ActiveRecord: 0.0ms | Allocations: 1902)


Started GET "/" for ::1 at 2024-02-15 13:18:14 +0100
Processing by PagesController#homepage as HTML
  Rendering layout layouts/application.html.erb
  Rendering pages/homepage.html.erb within layouts/application
  Rendered pages/homepage.html.erb within layouts/application (Duration: 0.0ms | Allocations: 7)
  Rendered layout layouts/application.html.erb (Duration: 3.0ms | Allocations: 1576)
Completed 200 OK in 4ms (Views: 3.5ms | ActiveRecord: 0.0ms | Allocations: 1830)


Started GET "/ideas" for ::1 at 2024-02-15 13:25:07 +0100
  [1m[36mActiveRecord::SchemaMigration Load (0.6ms)[0m  [1m[34mSELECT "schema_migrations"."version" FROM "schema_migrations" ORDER BY "schema_migrations"."version" ASC[0m
Processing by IdeasController#index as HTML
  Rendering layout layouts/application.html.erb
  Rendering ideas/index.html.erb within layouts/application
  [1m[36mIdea Load (0.2ms)[0m  [1m[34mSELECT "ideas".* FROM "ideas"[0m
  ↳ app/views/ideas/index.html.erb:6
  Rendered ideas/_idea.html.erb (Duration: 0.3ms | Allocations: 492)
  Rendered ideas/index.html.erb within layouts/application (Duration: 11.5ms | Allocations: 14299)
  Rendered layout layouts/application.html.erb (Duration: 29.9ms | Allocations: 49457)
Completed 200 OK in 46ms (Views: 30.7ms | ActiveRecord: 1.2ms | Allocations: 60823)


Started GET "/ideas/new" for ::1 at 2024-02-15 13:25:10 +0100
Processing by IdeasController#new as HTML
  Rendering layout layouts/application.html.erb
  Rendering ideas/new.html.erb within layouts/application
  Rendered ideas/_form.html.erb (Duration: 17.4ms | Allocations: 5350)
  Rendered ideas/new.html.erb within layouts/application (Duration: 18.9ms | Allocations: 5646)
  Rendered layout layouts/application.html.erb (Duration: 19.1ms | Allocations: 5732)
Completed 500 Internal Server Error in 22ms (ActiveRecord: 0.0ms | Allocations: 6193)


  
ActionView::Template::Error (undefined method `picture_field' for #<ActionView::Helpers::FormBuilder:0x0000000106b263b0 @nested_child_index={}, @options={:allow_method_names_outside_object=>true, :skip_default_ids=>false}, @template=#<ActionView::Base:0x0000000000b518>, @object=#<Idea id: nil, name: nil, description: nil, picture: nil, created_at: nil, updated_at: nil>, @object_name="idea", @default_options={:skip_default_ids=>false, :allow_method_names_outside_object=>true}, @default_html_options={}, @multipart=nil, @index=nil>

    '.freeze; @output_buffer.append=( form.picture_field :picture ); @output_buffer.safe_append='
                                          ^^^^^^^^^^^^^^):
    23: 
    24:   <div>
    25:     <%= form.label :picture, style: "display: block" %>
    26:     <%= form.picture_field :picture %>
    27:   </div>
    28: 
    29:   <div>
  
app/views/ideas/_form.html.erb:26
app/views/ideas/_form.html.erb:1
app/views/ideas/new.html.erb:3
Started GET "/ideas/new" for ::1 at 2024-02-15 13:25:34 +0100
Processing by IdeasController#new as HTML
  Rendering layout layouts/application.html.erb
  Rendering ideas/new.html.erb within layouts/application
  Rendered ideas/_form.html.erb (Duration: 1.7ms | Allocations: 1968)
  Rendered ideas/new.html.erb within layouts/application (Duration: 2.0ms | Allocations: 2289)
  Rendered layout layouts/application.html.erb (Duration: 8.0ms | Allocations: 18972)
Completed 200 OK in 13ms (Views: 8.9ms | ActiveRecord: 1.1ms | Allocations: 24955)


Started GET "/ideas" for ::1 at 2024-02-15 13:25:40 +0100
Processing by IdeasController#index as HTML
  Rendering layout layouts/application.html.erb
  Rendering ideas/index.html.erb within layouts/application
  [1m[36mIdea Load (0.3ms)[0m  [1m[34mSELECT "ideas".* FROM "ideas"[0m
  ↳ app/views/ideas/index.html.erb:6
  Rendered ideas/_idea.html.erb (Duration: 1.1ms | Allocations: 330)
  Rendered ideas/index.html.erb within layouts/application (Duration: 5.3ms | Allocations: 1762)
  Rendered layout layouts/application.html.erb (Duration: 8.6ms | Allocations: 3131)
Completed 200 OK in 11ms (Views: 9.1ms | ActiveRecord: 0.3ms | Allocations: 3612)


Started GET "/ideas" for ::1 at 2024-02-15 13:26:09 +0100
Processing by IdeasController#index as HTML
  Rendering layout layouts/application.html.erb
  Rendering ideas/index.html.erb within layouts/application
  [1m[36mIdea Load (0.2ms)[0m  [1m[34mSELECT "ideas".* FROM "ideas"[0m
  ↳ app/views/ideas/index.html.erb:6
  Rendered ideas/_idea.html.erb (Duration: 0.4ms | Allocations: 87)
  Rendered ideas/index.html.erb within layouts/application (Duration: 4.1ms | Allocations: 1009)
  Rendered layout layouts/application.html.erb (Duration: 7.7ms | Allocations: 2376)
Completed 200 OK in 9ms (Views: 8.4ms | ActiveRecord: 0.2ms | Allocations: 2647)


Started POST "/ideas" for ::1 at 2024-02-15 13:26:10 +0100
Processing by IdeasController#create as TURBO_STREAM
  Parameters: {"authenticity_token"=>"[FILTERED]", "idea"=>{"name"=>"thats a test", "description"=>"des test yea yea yea", "picture"=>#<ActionDispatch::Http::UploadedFile:0x0000000106bbd8c8 @tempfile=#<Tempfile:/var/folders/j5/63v9dgdj0055xzd16w92155w0000gp/T/RackMultipart20240215-6781-j320ek.png>, @content_type="image/png", @original_filename="02.png", @headers="Content-Disposition: form-data; name=\"idea[picture]\"; filename=\"02.png\"\r\nContent-Type: image/png\r\n">}, "commit"=>"Create Idea"}
  [1m[36mTRANSACTION (0.1ms)[0m  [1m[36mbegin transaction[0m
  ↳ app/controllers/ideas_controller.rb:27:in `block in create'
  [1m[36mIdea Create (2.6ms)[0m  [1m[32mINSERT INTO "ideas" ("name", "description", "picture", "created_at", "updated_at") VALUES (?, ?, ?, ?, ?) RETURNING "id"[0m  [["name", "thats a test"], ["description", "des test yea yea yea"], ["picture", "02.png"], ["created_at", "2024-02-15 12:26:10.400508"], ["updated_at", "2024-02-15 12:26:10.400508"]]
  ↳ app/controllers/ideas_controller.rb:27:in `block in create'
  [1m[36mTRANSACTION (0.6ms)[0m  [1m[36mcommit transaction[0m
  ↳ app/controllers/ideas_controller.rb:27:in `block in create'
Redirected to http://localhost:3000/ideas/2
Completed 302 Found in 16ms (ActiveRecord: 3.3ms | Allocations: 5217)


Started GET "/ideas/2" for ::1 at 2024-02-15 13:26:10 +0100
Processing by IdeasController#show as TURBO_STREAM
  Parameters: {"id"=>"2"}
  [1m[36mIdea Load (0.2ms)[0m  [1m[34mSELECT "ideas".* FROM "ideas" WHERE "ideas"."id" = ? LIMIT ?[0m  [["id", 2], ["LIMIT", 1]]
  ↳ app/controllers/ideas_controller.rb:63:in `set_idea'
  Rendering layout layouts/application.html.erb
  Rendering ideas/show.html.erb within layouts/application
  Rendered ideas/_idea.html.erb (Duration: 0.2ms | Allocations: 108)
  Rendered ideas/show.html.erb within layouts/application (Duration: 1.8ms | Allocations: 997)
  Rendered layout layouts/application.html.erb (Duration: 3.6ms | Allocations: 2497)
Completed 200 OK in 8ms (Views: 4.0ms | ActiveRecord: 0.2ms | Allocations: 5423)


Started GET "/ideas" for ::1 at 2024-02-15 13:26:14 +0100
Processing by IdeasController#index as HTML
  Rendering layout layouts/application.html.erb
  Rendering ideas/index.html.erb within layouts/application
  [1m[36mIdea Load (0.2ms)[0m  [1m[34mSELECT "ideas".* FROM "ideas"[0m
  ↳ app/views/ideas/index.html.erb:6
  Rendered ideas/_idea.html.erb (Duration: 0.3ms | Allocations: 87)
  Rendered ideas/_idea.html.erb (Duration: 0.1ms | Allocations: 76)
  Rendered ideas/index.html.erb within layouts/application (Duration: 3.1ms | Allocations: 1179)
  Rendered layout layouts/application.html.erb (Duration: 5.7ms | Allocations: 2546)
Completed 200 OK in 7ms (Views: 6.1ms | ActiveRecord: 0.2ms | Allocations: 2824)


Started GET "/ideas" for ::1 at 2024-02-15 13:27:07 +0100
Processing by IdeasController#index as HTML
  Rendering layout layouts/application.html.erb
  Rendering ideas/index.html.erb within layouts/application
  [1m[36mIdea Load (0.0ms)[0m  [1m[34mSELECT "ideas".* FROM "ideas"[0m
  ↳ app/views/ideas/index.html.erb:6
  Rendered ideas/_idea.html.erb (Duration: 0.3ms | Allocations: 321)
  Rendered ideas/_idea.html.erb (Duration: 0.1ms | Allocations: 147)
  Rendered ideas/index.html.erb within layouts/application (Duration: 3.7ms | Allocations: 5362)
  Rendered layout layouts/application.html.erb (Duration: 11.8ms | Allocations: 22018)
Completed 200 OK in 15ms (Views: 11.7ms | ActiveRecord: 1.1ms | Allocations: 24793)


Started GET "/ideas" for ::1 at 2024-02-15 13:27:32 +0100
Processing by IdeasController#index as HTML
  Rendering layout layouts/application.html.erb
  Rendering ideas/index.html.erb within layouts/application
  [1m[36mIdea Load (0.0ms)[0m  [1m[34mSELECT "ideas".* FROM "ideas"[0m
  ↳ app/views/ideas/index.html.erb:6
  Rendered ideas/_idea.html.erb (Duration: 0.4ms | Allocations: 319)
  Rendered ideas/_idea.html.erb (Duration: 0.1ms | Allocations: 142)
  Rendered ideas/index.html.erb within layouts/application (Duration: 4.2ms | Allocations: 5345)
  Rendered layout layouts/application.html.erb (Duration: 10.5ms | Allocations: 22006)
Completed 200 OK in 14ms (Views: 10.2ms | ActiveRecord: 1.2ms | Allocations: 24777)


